<?xml version="1.0" encoding="UTF-8"?>
<!-- Generated by org.testng.reporters.JUnitReportReporter -->
<testsuite hostname="DESKTOP-BN19SL4" failures="0" tests="2" name="Demo.testngDemo.qsp.Demo2" time="0.011" errors="0" timestamp="2021-02-03T16:21:45 IST" skipped="0">
  <testcase classname="Demo.testngDemo.qsp.Demo2" name="tc_2" time="0.002"/>
  <system-out/>
  <testcase classname="Demo.testngDemo.qsp.Demo2" name="tc_1" time="0.009"/>
  <system-out/>
</testsuite> <!-- Demo.testngDemo.qsp.Demo2 -->
