<?xml version="1.0" encoding="UTF-8"?>
<!-- Generated by org.testng.reporters.JUnitReportReporter -->
<testsuite hostname="DESKTOP-BN19SL4" failures="0" tests="7" name="Demo.testngDemo.qsp.Demo5" time="0.035" errors="0" timestamp="2021-02-03T21:22:27 IST" skipped="0">
  <testcase classname="Demo.testngDemo.qsp.Demo5" name="tc5" time="0.001"/>
  <system-out>
5Hey...!  </system-out>
  <testcase classname="Demo.testngDemo.qsp.Demo5" name="tc3" time="0.002"/>
  <system-out>
3Hey...!  </system-out>
  <testcase classname="Demo.testngDemo.qsp.Demo5" name="tc7" time="0.002"/>
  <system-out>
7Hey...!  </system-out>
  <testcase classname="Demo.testngDemo.qsp.Demo5" name="tc2" time="0.003"/>
  <system-out>
2Hey...!  </system-out>
  <testcase classname="Demo.testngDemo.qsp.Demo5" name="tc6" time="0.018"/>
  <system-out>
6Hey...!  </system-out>
  <testcase classname="Demo.testngDemo.qsp.Demo5" name="tc4" time="0.001"/>
  <system-out>
4Hey...!  </system-out>
  <testcase classname="Demo.testngDemo.qsp.Demo5" name="tc1" time="0.008"/>
  <system-out>
1Hey...!  </system-out>
</testsuite> <!-- Demo.testngDemo.qsp.Demo5 -->
