<?xml version="1.0" encoding="UTF-8"?>
<!-- Generated by org.testng.reporters.JUnitReportReporter -->
<testsuite hostname="DESKTOP-BN19SL4" failures="0" tests="3" name="Demo.testngDemo.qsp.DemoDataProvider" time="0.065" errors="0" timestamp="2021-02-04T16:07:25 IST" skipped="0">
  <testcase classname="Demo.testngDemo.qsp.DemoDataProvider" name="tc" time="0.004"/>
  <system-out>
UserB B  </system-out>
  <testcase classname="Demo.testngDemo.qsp.DemoDataProvider" name="tc" time="0.058"/>
  <system-out>
UserA A  </system-out>
  <testcase classname="Demo.testngDemo.qsp.DemoDataProvider" name="tc" time="0.003"/>
  <system-out>
UserC C  </system-out>
</testsuite> <!-- Demo.testngDemo.qsp.DemoDataProvider -->
