<?xml version="1.0" encoding="UTF-8"?>
<!-- Generated by org.testng.reporters.JUnitReportReporter -->
<testsuite hostname="DESKTOP-BN19SL4" failures="0" tests="6" name="Demo.testngDemo.qsp.Demo3" time="0.030" errors="0" timestamp="2021-02-03T16:59:11 IST" skipped="1">
  <testcase classname="Demo.testngDemo.qsp.Demo3" name="tc1" time="0.011"/>
  <system-out>
1Hey...!  </system-out>
  <testcase classname="Demo.testngDemo.qsp.Demo3" name="tc2" time="0.003"/>
  <system-out>
2Hey...!  </system-out>
  <testcase classname="Demo.testngDemo.qsp.Demo3" name="tc3" time="0.006"/>
  <system-out>
3Hey...!  </system-out>
  <testcase classname="Demo.testngDemo.qsp.Demo3" name="tc3" time="0.006"/>
  <system-out>
3Hey...!  </system-out>
  <testcase classname="Demo.testngDemo.qsp.Demo3" name="tc3" time="0.004"/>
  <system-out>
3Hey...!  </system-out>
  <testcase classname="Demo.testngDemo.qsp.Demo3" name="tc4">
    <skipped/>
  </testcase> <!-- tc4 -->
  <system-out/>
</testsuite> <!-- Demo.testngDemo.qsp.Demo3 -->
